<?xml version="1.0" encoding="UTF-8"?>
<!-- Generated by org.testng.reporters.JUnitReportReporter -->
<testsuite hostname="DESKTOP-QNHJ5Q7" name="seleniumIDE.HRMLogin" tests="1" failures="0" timestamp="1 Dec 2022 08:28:11 GMT" time="33.571" errors="0">
  <testcase name="verifyLogin" time="33.571" classname="seleniumIDE.HRMLogin"/>
</testsuite> <!-- seleniumIDE.HRMLogin -->
