<?xml version="1.0" encoding="UTF-8"?>
<!-- Generated by org.testng.reporters.JUnitReportReporter -->
<testsuite hostname="DESKTOP-QNHJ5Q7" name="dataProvider.RegisterStudentExcelTest" tests="1" failures="0" timestamp="7 Dec 2022 07:33:43 GMT" time="210.055" errors="0">
  <testcase name="RegistrationDataDrivernTest" time="210.055" classname="dataProvider.RegisterStudentExcelTest"/>
</testsuite> <!-- dataProvider.RegisterStudentExcelTest -->
