<?xml version="1.0" encoding="UTF-8"?>
<!-- Generated by org.testng.reporters.JUnitReportReporter -->
<testsuite hostname="DESKTOP-QNHJ5Q7" name="dataProvider.multipleData" tests="4" failures="0" timestamp="10 Dec 2022 12:09:12 GMT" time="40.016" errors="0">
  <testcase name="verifyLoginWithInValidUser" time="10.449" classname="dataProvider.multipleData"/>
  <testcase name="verifyLoginWithInValidUser" time="9.702" classname="dataProvider.multipleData"/>
  <testcase name="verifyLoginWithInValidUser" time="9.730" classname="dataProvider.multipleData"/>
  <testcase name="verifyLoginWithInValidUser" time="10.135" classname="dataProvider.multipleData"/>
</testsuite> <!-- dataProvider.multipleData -->
