<?xml version="1.0" encoding="UTF-8"?>
<!-- Generated by org.testng.reporters.JUnitReportReporter -->
<testsuite hostname="DESKTOP-QNHJ5Q7" name="seleniumIDE.LoginTestng" tests="1" failures="0" timestamp="1 Dec 2022 08:28:11 GMT" time="28.657" errors="0">
  <testcase name="loginTest" time="28.657" classname="seleniumIDE.LoginTestng"/>
</testsuite> <!-- seleniumIDE.LoginTestng -->
