<?xml version="1.0" encoding="UTF-8"?>
<!-- Generated by org.testng.reporters.JUnitReportReporter -->
<testsuite hostname="DESKTOP-QNHJ5Q7" name="Logger.TestLog" tests="1" failures="0" timestamp="6 Dec 2022 02:54:36 GMT" time="24.582" errors="0">
  <testcase name="verifyLogin" time="24.582" classname="Logger.TestLog"/>
</testsuite> <!-- Logger.TestLog -->
