<?xml version="1.0" encoding="UTF-8"?>
<!-- Generated by org.testng.reporters.JUnitReportReporter -->
<testsuite hostname="DESKTOP-QNHJ5Q7" name="POMtest.LoginTest" tests="1" failures="0" timestamp="10 Dec 2022 11:45:44 GMT" time="9.069" errors="0">
  <testcase name="verifyLogin" time="9.069" classname="POMtest.LoginTest"/>
</testsuite> <!-- POMtest.LoginTest -->
