<?xml version="1.0" encoding="UTF-8"?>
<!-- Generated by org.testng.reporters.JUnitReportReporter -->
<testsuite hostname="DESKTOP-QNHJ5Q7" name="actionExample.actionDemo" tests="1" failures="0" timestamp="5 Dec 2022 08:12:06 GMT" time="6.973" errors="0">
  <testcase name="rightClick" time="6.973" classname="actionExample.actionDemo"/>
</testsuite> <!-- actionExample.actionDemo -->
