<?xml version="1.0" encoding="UTF-8"?>
<!-- Generated by org.testng.reporters.JUnitReportReporter -->
<testsuite hostname="DESKTOP-QNHJ5Q7" name="ExtentReportsDemo.Reports" tests="2" failures="0" timestamp="6 Dec 2022 06:32:22 GMT" time="0.015" errors="0">
  <testcase name="verifyApplicationLogo" time="0.015" classname="ExtentReportsDemo.Reports"/>
  <testcase name="verifyApplicationTitle" time="0.000" classname="ExtentReportsDemo.Reports"/>
</testsuite> <!-- ExtentReportsDemo.Reports -->
